Actel Designer Software
Version: 10.1.3.1
Release: v10.1 SP3

Info: The design C:/Users/Victor
      Ros/Documents/Cookies/wake_up_radio/auxpoyect/RingOscillator/designer/impl1/RingOscProyec\
      t.adb was last modified by software version 10.1.3.1.
Opened an existing Libero design C:/Users/Victor
Ros/Documents/Cookies/wake_up_radio/auxpoyect/RingOscillator/designer/impl1/RingOscProyect.adb.

The Export-map command succeeded ( 00:00:15 )
Warning: Overwriting the existing file: C:\Users\Victor
         Ros\Documents\Cookies\wake_up_radio\auxpoyect\RingOscillator\designer\impl1\RingOscPro\
         yect.pdb.
Wrote to the file: C:\Users\Victor
Ros\Documents\Cookies\wake_up_radio\auxpoyect\RingOscillator\designer\impl1\RingOscProyect.pdb
CHECKSUM: F4E8

The Generate programming file command succeeded ( 00:00:18 )
Design saved to file C:/Users/Victor
Ros/Documents/Cookies/wake_up_radio/auxpoyect/RingOscillator/designer/impl1/RingOscProyect.adb.

The Execute Script command succeeded ( 00:00:19 )
Design closed.

