Actel Designer Software
Version: 10.1.3.1
Release: v10.1 SP3

Info: The design
      C:/Users/Victor/Documents/Cookies/wake_up_radio/auxpoyect/RingOscillatorCookie/designer/i\
      mpl1/RingOscProyect.adb was last modified by software version 10.1.3.1.
Opened an existing Libero design
C:/Users/Victor/Documents/Cookies/wake_up_radio/auxpoyect/RingOscillatorCookie/designer/impl1/R\
ingOscProyect.adb.

The Export-map command succeeded ( 00:00:09 )
Warning: Overwriting the existing file:
         C:\Users\Victor\Documents\Cookies\wake_up_radio\auxpoyect\RingOscillatorCookie\designe\
         r\impl1\RingOscProyect.pdb.
Wrote to the file:
C:\Users\Victor\Documents\Cookies\wake_up_radio\auxpoyect\RingOscillatorCookie\designer\impl1\R\
ingOscProyect.pdb
CHECKSUM: 8161

The Generate programming file command succeeded ( 00:00:09 )
Design saved to file
C:/Users/Victor/Documents/Cookies/wake_up_radio/auxpoyect/RingOscillatorCookie/designer/impl1/R\
ingOscProyect.adb.

The Execute Script command succeeded ( 00:00:10 )
Design closed.

