Target Part: M1AGL600V2_FBGA484_STD
Report for cell RingOscillator.rtl
  Core Cell usage:
              cell count     area count*area
              AND2     1      1.0        1.0
              AND3     1      1.0        1.0
              AO14    24      1.0       24.0
               GND     2      0.0        0.0
               INV     3      1.0        3.0
             NAND2     1      1.0        1.0
               VCC     2      0.0        0.0
              XOR2     1      1.0        1.0


            DFN1C0     2      1.0        2.0
          DFN1E1C0     2      1.0        2.0
                   -----          ----------
             TOTAL    39                35.0


  IO Cell usage:
              cell count
             INBUF     1
            OUTBUF     1
                   -----
             TOTAL     2


Core Cells         : 35 of 13824 (0%)
IO Cells           : 2

  RAM/ROM Usage Summary
Block Rams : 0 of 24 (0%)

