 ** Message System Log
 ** Database: 
 ** Date:   Mon Nov 11 14:57:47 2013


****************
Macro Parameters
****************

Name                            : CuentaEnvios
Family                          : PA3LCLP
Output Format                   : VHDL
Type                            : Linear
Variation                       : Compact
Async Clear                     : Active Low
Async Preset                    : None
Sync Load                       : None
Count Enable                    : Active High
Clock                           : Rising
Terminal Count                  : None
Updown                          : None
Width                           : 3
Direction                       : Up

*************
Fanin Control
*************

Signal      Buffering   Max Load   Signal Width
------      ---------   --------   ------------
Aclr          None                      1
Clock         None                      1

**************
Compile Report
**************

Warning:  CMP503: Remapped 2 enable flip-flop(s) to a 2-tile implementation because the CLR/PRE pin on the enable flip-flop is not being driven by a global net.

Netlist Resource Report
=======================

    CORE                       Used:     10  Total:    768   (1.30%)
    IO (W/ clocks)             Used:      0  Total:     77   (0.00%)
    GLOBAL (Chip)              Used:      0  Total:      6   (0.00%)
    Low Static ICC             Used:      0  Total:      1   (0.00%)
    FlashROM                   Used:      0  Total:      1   (0.00%)
    User JTAG                  Used:      0  Total:      1   (0.00%)

Wrote VHDL netlist to C:/Users/Victor Ros/Documents/Cookies/wake_up_radio/WupuTestbedReady/smartgen\CuentaEnvios\CuentaEnvios.vhd.

 ** Log Ended:   Mon Nov 11 14:57:48 2013

