Target Part: AGL030V5_VQFP100_STD
Report for cell WuPu.rtl
  Core Cell usage:
              cell count     area count*area
              AND2    12      1.0       12.0
              AND3     5      1.0        5.0
               AO1    14      1.0       14.0
              AO14    24      1.0       24.0
              AO1A    12      1.0       12.0
              AO1B     3      1.0        3.0
              AO1C     4      1.0        4.0
              AO1D     1      1.0        1.0
              AOI1     6      1.0        6.0
             AOI1B     1      1.0        1.0
               AX1     1      1.0        1.0
              AX1A     4      1.0        4.0
              AX1E     1      1.0        1.0
            CLKINT     3      0.0        0.0
               GND    21      0.0        0.0
               INV    11      1.0       11.0
               MX2    16      1.0       16.0
              MX2A     1      1.0        1.0
              MX2B     4      1.0        4.0
              MX2C     2      1.0        2.0
             NAND2     1      1.0        1.0
              NOR2    17      1.0       17.0
             NOR2A    57      1.0       57.0
             NOR2B    53      1.0       53.0
              NOR3    18      1.0       18.0
             NOR3A    23      1.0       23.0
             NOR3B    23      1.0       23.0
             NOR3C    12      1.0       12.0
               OA1    12      1.0       12.0
              OA1A     7      1.0        7.0
              OA1B    10      1.0       10.0
              OA1C     7      1.0        7.0
              OAI1     4      1.0        4.0
               OR2    35      1.0       35.0
              OR2A    27      1.0       27.0
              OR2B    19      1.0       19.0
               OR3    12      1.0       12.0
              OR3A     6      1.0        6.0
              OR3B     2      1.0        2.0
              OR3C     1      1.0        1.0
            ULSICC     1      0.0        0.0
               VCC    21      0.0        0.0
               XA1     3      1.0        3.0
              XA1A     6      1.0        6.0
              XA1C     1      1.0        1.0
             XAI1A     1      1.0        1.0
             XNOR2     5      1.0        5.0
             XNOR3     1      1.0        1.0
               XO1     2      1.0        2.0
              XO1A     3      1.0        3.0
              XOR2    22      1.0       22.0
              XOR3     1      1.0        1.0


          DFN0E1C0    18      1.0       18.0
              DFN1     1      1.0        1.0
            DFN1C0    58      1.0       58.0
          DFN1E0C0    19      1.0       19.0
          DFN1E1C0    47      1.0       47.0
          DFN1E1P0     4      1.0        4.0
            DFN1P0    11      1.0       11.0
              DLN0     1      1.0        1.0
                   -----          ----------
             TOTAL   718               672.0


  IO Cell usage:
              cell count
             BIBUF     1
             INBUF    11
          INBUF_FF     1
            OUTBUF    22
                   -----
             TOTAL    35


Core Cells         : 672 of 768 (88%)
IO Cells           : 35
