Microsemi Libero Software
Version: 11.1.3.1
Release: v11.1 SP3

Info: The design C:\Users\Victor
      Ros\Documents\Cookies\wake_up_radio\Wupu30kTripleR2SINKbySinkNeighbour\designer\impl1\WuP\
      u.adb was last modified by software version 11.1.3.1.
Opened an existing Libero design C:\Users\Victor
Ros\Documents\Cookies\wake_up_radio\Wupu30kTripleR2SINKbySinkNeighbour\designer\impl1\WuPu.adb.
'BA_NAME' set to 'WuPu_ba'
'KEEP_EXISTING_PHYSICAL_CONSTRAINTS' set to '1'
'SDC_IMPORT_MERGE' set to '1'
'IDE_DESIGNERVIEW_NAME' set to 'Impl1'
'IDE_DESIGNERVIEW_COUNT' set to '1'
'IDE_DESIGNERVIEW_REV0' set to 'Impl1'
'IDE_DESIGNERVIEW_REVNUM0' set to '1'
'IDE_DESIGNERVIEW_ROOTDIR' set to 'C:\Users\Victor
Ros\Documents\Cookies\wake_up_radio\Wupu30kTripleR2SINKbySinkNeighbour\designer'
'IDE_DESIGNERVIEW_LASTREV' set to '1'

The Execute Script command succeeded ( 00:00:00 )
El servidor RPC no está disponible.
Design saved to file C:\Users\Victor
Ros\Documents\Cookies\wake_up_radio\Wupu30kTripleR2SINKbySinkNeighbour\designer\impl1\WuPu.adb.
Wrote pin report to file: C:\Users\Victor
Ros\Documents\Cookies\wake_up_radio\Wupu30kTripleR2SINKbySinkNeighbour\designer\impl1\WuPu_repo\
rt_pin_byname.txt

The Report command succeeded ( 00:00:01 )
Wrote pin report to file: C:\Users\Victor
Ros\Documents\Cookies\wake_up_radio\Wupu30kTripleR2SINKbySinkNeighbour\designer\impl1\WuPu_repo\
rt_pin_bynumber.txt

The Report command succeeded ( 00:00:01 )

The Execute Script command succeeded ( 00:00:02 )
Design closed.

