Actel Designer Software
Version: 10.1.3.1
Release: v10.1 SP3

Info: The design
      C:/Users/Victor/Documents/Cookies/wake_up_radio/auxpoyect/T100msEXT_CLK/designer/impl1/Ri\
      ngOscProyect.adb was last modified by software version 10.1.3.1.
Opened an existing Libero design
C:/Users/Victor/Documents/Cookies/wake_up_radio/auxpoyect/T100msEXT_CLK/designer/impl1/RingOscP\
royect.adb.

The Export-map command succeeded ( 00:00:10 )
Wrote to the file:
C:\Users\Victor\Documents\Cookies\wake_up_radio\auxpoyect\T100msEXT_CLK\designer\impl1\RingOscP\
royect.pdb
CHECKSUM: 49FB

The Generate programming file command succeeded ( 00:00:10 )
Design saved to file
C:/Users/Victor/Documents/Cookies/wake_up_radio/auxpoyect/T100msEXT_CLK/designer/impl1/RingOscP\
royect.adb.

The Execute Script command succeeded ( 00:00:10 )
Design closed.

