 ** Message System Log
 ** Database: 
 ** Date:   Tue Aug 06 15:10:20 2013


****************
Macro Parameters
****************

Name                            : muxSwitcthRing
Family                          : PA3LCLP
Output Format                   : VHDL
Type                            : Multiplexor
Sel0                            : Active High
Sel1                            : None
Sel2                            : None
Sel3                            : None
Sel4                            : None
Sel5                            : None
Output Bus Width                : 1
No Of Input Buses               : 2
Placement Info                  : yes

*************
Fanin Control
*************

Signal      Buffering   Max Load   Signal Width
------      ---------   --------   ------------
Sel0          Auto         6

**************
Compile Report
**************


Netlist Resource Report
=======================

    CORE                       Used:      1  Total:    768   (0.13%)
    IO (W/ clocks)             Used:      0  Total:     77   (0.00%)
    GLOBAL (Chip)              Used:      0  Total:      6   (0.00%)
    Low Static ICC             Used:      0  Total:      1   (0.00%)
    FlashROM                   Used:      0  Total:      1   (0.00%)
    User JTAG                  Used:      0  Total:      1   (0.00%)

Wrote VHDL netlist to C:/Users/Victor Ros/Documents/Cookies/wake_up_radio/wupu30k-IRQ0_Falling_InternallPull-up/smartgen\muxSwitcthRing\muxSwitcthRing.vhd.

 ** Log Ended:   Tue Aug 06 15:10:20 2013

