Target Part: AGL250V5_VQFP100_STD
Report for cell RingOscProyect.rtl
  Core Cell usage:
              cell count     area count*area
              AND2     1      1.0        1.0
              AND3     1      1.0        1.0
              AO14    24      1.0       24.0
              AX1C    12      1.0       12.0
              BUFF     2      1.0        2.0
            CLKINT     1      0.0        0.0
               GND     4      0.0        0.0
               INV     4      1.0        4.0
             NAND2     1      1.0        1.0
              NOR2     3      1.0        3.0
             NOR2A     1      1.0        1.0
             NOR2B     2      1.0        2.0
             NOR3A     2      1.0        2.0
             NOR3C    14      1.0       14.0
               VCC     4      0.0        0.0
              XOR2    15      1.0       15.0


            DFN1C0    20      1.0       20.0
          DFN1E1C0    11      1.0       11.0
                   -----          ----------
             TOTAL   122               113.0


  IO Cell usage:
              cell count
             INBUF     1
            OUTBUF    11
                   -----
             TOTAL    12


Core Cells         : 113 of 6144 (2%)
IO Cells           : 12

  RAM/ROM Usage Summary
Block Rams : 0 of 8 (0%)

