Target Part: M1AGL600V2_FBGA484_STD
Report for cell manchesterEncoderComplete.rtl
  Core Cell usage:
              cell count     area count*area
              AND2     2      1.0        2.0
               AO1     5      1.0        5.0
              AO1A     3      1.0        3.0
              AO1B     1      1.0        1.0
              AO1C     4      1.0        4.0
              AOI1     1      1.0        1.0
              AX1D     1      1.0        1.0
              AX1E     1      1.0        1.0
              BUFF     1      1.0        1.0
               GND     3      0.0        0.0
               INV     3      1.0        3.0
               MX2     6      1.0        6.0
              MX2B     4      1.0        4.0
              NOR2     5      1.0        5.0
             NOR2A    19      1.0       19.0
             NOR2B    11      1.0       11.0
              NOR3     1      1.0        1.0
             NOR3A     9      1.0        9.0
             NOR3B     3      1.0        3.0
             NOR3C     2      1.0        2.0
               OA1     3      1.0        3.0
              OA1A     1      1.0        1.0
              OA1C     1      1.0        1.0
               OR2     5      1.0        5.0
              OR2A     1      1.0        1.0
              OR2B     3      1.0        3.0
               OR3     5      1.0        5.0
              OR3A     5      1.0        5.0
              OR3B     2      1.0        2.0
              OR3C     1      1.0        1.0
               VCC     3      0.0        0.0
               XA1     1      1.0        1.0
             XNOR2     1      1.0        1.0
              XO1A     1      1.0        1.0
              XOR2     7      1.0        7.0


            DFN1C0    14      1.0       14.0
          DFN1E1C0    23      1.0       23.0
          DFN1E1P0     1      1.0        1.0
            DFN1P0     1      1.0        1.0
                   -----          ----------
             TOTAL   164               158.0


  IO Cell usage:
              cell count
            CLKBUF     1
             INBUF    13
            OUTBUF     3
                   -----
             TOTAL    17


Core Cells         : 158 of 13824 (1%)
IO Cells           : 17

  RAM/ROM Usage Summary
Block Rams : 0 of 24 (0%)

