Target Part: AGL030V5_VQFP100_STD
Report for cell WuPu.rtl
  Core Cell usage:
              cell count     area count*area
              AND2    39      1.0       39.0
              AND3    17      1.0       17.0
               AO1     9      1.0        9.0
              AO1A     5      1.0        5.0
              AO1B     4      1.0        4.0
              AO1C     1      1.0        1.0
              AOI1     1      1.0        1.0
             AOI1B     1      1.0        1.0
              AX1A     1      1.0        1.0
            CLKINT     2      0.0        0.0
               GND    13      0.0        0.0
               INV     7      1.0        7.0
               MX2     2      1.0        2.0
              MX2B     8      1.0        8.0
              MX2C     1      1.0        1.0
              NOR2     6      1.0        6.0
             NOR2A    33      1.0       33.0
             NOR2B    20      1.0       20.0
              NOR3     5      1.0        5.0
             NOR3A     5      1.0        5.0
             NOR3B     8      1.0        8.0
             NOR3C     5      1.0        5.0
               OA1     3      1.0        3.0
              OA1A     1      1.0        1.0
              OA1B     1      1.0        1.0
              OA1C     4      1.0        4.0
              OAI1     1      1.0        1.0
               OR2     9      1.0        9.0
              OR2A    11      1.0       11.0
              OR2B     2      1.0        2.0
               OR3     5      1.0        5.0
              OR3A     2      1.0        2.0
              OR3B     3      1.0        3.0
              OR3C     2      1.0        2.0
               VCC    13      0.0        0.0
               XA1     1      1.0        1.0
              XA1B     1      1.0        1.0
              XA1C     1      1.0        1.0
              XAI1     2      1.0        2.0
             XNOR2     1      1.0        1.0
               XO1     1      1.0        1.0
              XO1A     2      1.0        2.0
              XOR2    35      1.0       35.0


          DFN0E0C0     4      1.0        4.0
              DFN1     1      1.0        1.0
            DFN1C0    28      1.0       28.0
            DFN1C1     3      1.0        3.0
          DFN1E0P0     2      1.0        2.0
          DFN1E1C0    30      1.0       30.0
          DFN1E1C1    24      1.0       24.0
          DFN1E1P0     3      1.0        3.0
            DFN1P0    16      1.0       16.0
              DLN0     1      1.0        1.0
                   -----          ----------
             TOTAL   406               378.0


  IO Cell usage:
              cell count
            CLKBUF     1
             INBUF     4
          INBUF_FF     1
            OUTBUF    18
                   -----
             TOTAL    24


Core Cells         : 378 of 768 (49%)
IO Cells           : 24
