Microsemi Libero Software
Version: 11.1.3.1
Release: v11.1 SP3

Info: The design C:\Users\Victor
      Ros\Documents\Cookies\wake_up_radio\Wupu30K-InitializationwithR2SINK\designer\impl1\WuPu.\
      adb was last modified by software version 11.1.3.1.
Opened an existing Libero design C:\Users\Victor
Ros\Documents\Cookies\wake_up_radio\Wupu30K-InitializationwithR2SINK\designer\impl1\WuPu.adb.
'BA_NAME' set to 'WuPu_ba'
'KEEP_EXISTING_PHYSICAL_CONSTRAINTS' set to '1'
'SDC_IMPORT_MERGE' set to '1'
'IDE_DESIGNERVIEW_NAME' set to 'Impl1'
'IDE_DESIGNERVIEW_COUNT' set to '1'
'IDE_DESIGNERVIEW_REV0' set to 'Impl1'
'IDE_DESIGNERVIEW_REVNUM0' set to '1'
'IDE_DESIGNERVIEW_ROOTDIR' set to 'C:\Users\Victor
Ros\Documents\Cookies\wake_up_radio\Wupu30K-InitializationwithR2SINK\designer'
'IDE_DESIGNERVIEW_LASTREV' set to '1'

The Execute Script command succeeded ( 00:00:00 )
Warning: The following files already exist:
         
         C:\Users\Victor
         Ros\Documents\Cookies\wake_up_radio\Wupu30K-InitializationwithR2SINK\designer\impl1\Wu\
         Pu.pdb
         
         Do you want to replace the files? [YES]
INFO: NO_TOP_AGGREGATION option enabled

The Export-map command succeeded ( 00:00:04 )
Warning: Overwriting the existing file: C:\Users\Victor
         Ros\Documents\Cookies\wake_up_radio\Wupu30K-InitializationwithR2SINK\designer\impl1\Wu\
         Pu.pdb.
Wrote to the file: C:\Users\Victor
Ros\Documents\Cookies\wake_up_radio\Wupu30K-InitializationwithR2SINK\designer\impl1\WuPu.pdb
CHECKSUM: 5D3C

The Generate programming file command succeeded ( 00:00:04 )
Design saved to file C:\Users\Victor
Ros\Documents\Cookies\wake_up_radio\Wupu30K-InitializationwithR2SINK\designer\impl1\WuPu.adb.
Wrote pin report to file: C:\Users\Victor
Ros\Documents\Cookies\wake_up_radio\Wupu30K-InitializationwithR2SINK\designer\impl1\WuPu_report\
_pin_byname.txt

The Report command succeeded ( 00:00:00 )
Wrote pin report to file: C:\Users\Victor
Ros\Documents\Cookies\wake_up_radio\Wupu30K-InitializationwithR2SINK\designer\impl1\WuPu_report\
_pin_bynumber.txt

The Report command succeeded ( 00:00:01 )

The Execute Script command succeeded ( 00:00:01 )
Design closed.

